\BOOKMARK [0][-]{chapter.1}{Introduction}{}% 1
\BOOKMARK [1][-]{section.1.1}{Basic Mathematical Models}{chapter.1}% 2
\BOOKMARK [1][-]{section.1.2}{Solutions of Differential Equations}{chapter.1}% 3
\BOOKMARK [1][-]{section.1.3}{Classification of Differential Equations}{chapter.1}% 4
\BOOKMARK [1][-]{section.1.4}{Chapter 1 Assessment}{chapter.1}% 5
\BOOKMARK [0][-]{chapter.2}{First Order Differential Equations}{}% 6
\BOOKMARK [1][-]{section.2.1}{First Order Linear Equation}{chapter.2}% 7
\BOOKMARK [1][-]{section.2.2}{Separable Equations}{chapter.2}% 8
\BOOKMARK [1][-]{section.2.3}{Differences Between Linear and Nonlinear Equation}{chapter.2}% 9
\BOOKMARK [1][-]{section.2.4}{Exact Equations and Integrating Factors}{chapter.2}% 10
\BOOKMARK [1][-]{section.2.5}{Chapter 2 Assessment}{chapter.2}% 11
\BOOKMARK [0][-]{chapter.3}{Second Order Differential Equations}{}% 12
\BOOKMARK [1][-]{section.3.1}{Introduction}{chapter.3}% 13
\BOOKMARK [1][-]{section.3.2}{Homogeneous Equations with Constant Coefficients}{chapter.3}% 14
\BOOKMARK [1][-]{section.3.3}{The Wronskian}{chapter.3}% 15
\BOOKMARK [1][-]{section.3.4}{Complex Roots of Characteristic Equations}{chapter.3}% 16
\BOOKMARK [1][-]{section.3.5}{Repeated Roots; Reduction of Order}{chapter.3}% 17
\BOOKMARK [1][-]{section.3.6}{Nonhomogeneous Equations; Method of Undetermined Coefficients}{chapter.3}% 18
\BOOKMARK [1][-]{section.3.7}{Variation of Parameters}{chapter.3}% 19
\BOOKMARK [1][-]{section.3.8}{Chapter 3 Test}{chapter.3}% 20
\BOOKMARK [0][-]{chapter.4}{Higher Order Linear Equations}{}% 21
\BOOKMARK [1][-]{section.4.1}{Homogeneous Equations with Constant Coefficients}{chapter.4}% 22
\BOOKMARK [1][-]{section.4.2}{The Method of Undetermined Coefficients}{chapter.4}% 23
\BOOKMARK [1][-]{section.4.3}{Chapter 4 Assessment}{chapter.4}% 24
\BOOKMARK [0][-]{chapter.5}{Series Solutions of Second Order Linear Equations}{}% 25
\BOOKMARK [1][-]{section.5.1}{Review of Power Series}{chapter.5}% 26
\BOOKMARK [1][-]{section.5.2}{Series Solutions Near an Ordinary Point, Part I}{chapter.5}% 27
\BOOKMARK [1][-]{section.5.3}{Series Solutions Near and Ordinary Point, Part II}{chapter.5}% 28
\BOOKMARK [1][-]{section.5.4}{Euler Equations; Regular Singular Points}{chapter.5}% 29
\BOOKMARK [1][-]{section.5.5}{Chapter 5 Assessment}{chapter.5}% 30
\BOOKMARK [0][-]{chapter.6}{Laplace Transform}{}% 31
\BOOKMARK [1][-]{section.6.1}{Definition}{chapter.6}% 32
\BOOKMARK [1][-]{section.6.2}{Solution to Initial Value Problems}{chapter.6}% 33
\BOOKMARK [1][-]{section.6.3}{Using Laplace Transform to Solve Differential Equations}{chapter.6}% 34
\BOOKMARK [1][-]{section.6.4}{Mid-Section Assessment}{chapter.6}% 35
\BOOKMARK [1][-]{section.6.5}{Step Functions}{chapter.6}% 36
\BOOKMARK [1][-]{section.6.6}{Impulse Function}{chapter.6}% 37
\BOOKMARK [1][-]{section.6.7}{The Convolution Integral}{chapter.6}% 38
\BOOKMARK [1][-]{section.6.8}{End of Chapter Quiz}{chapter.6}% 39
\BOOKMARK [0][-]{chapter.7}{Systems of First Order Linear Equations}{}% 40
\BOOKMARK [1][-]{section.7.1}{Homogeneous Linear Systems with Constant Coefficients}{chapter.7}% 41
\BOOKMARK [1][-]{section.7.2}{Complex Eigenvalues}{chapter.7}% 42
\BOOKMARK [1][-]{section.7.3}{Fundamental Matrices}{chapter.7}% 43
\BOOKMARK [0][-]{chapter.8}{Nonlinear Differential Equations and Stability}{}% 44
\BOOKMARK [1][-]{section.8.1}{The Phase Plane: Linear Systems}{chapter.8}% 45
\BOOKMARK [0][-]{chapter.9}{Partial Differential Equations and Fourier Series}{}% 46
\BOOKMARK [1][-]{section.9.1}{Two Point Boundary Value Problems}{chapter.9}% 47
